This is pdfTeX, Version 3.141592653-2.6-1.40.24 (TeX Live 2022) (preloaded format=pdflatex 2022.7.28)  17 JAN 2025 12:47
entering extended mode
 restricted \write18 enabled.
 %&-line parsing enabled.
**\input ./vignette.tex
 (./vignette.tex
(/usr/local/texlive/2022/texmf-dist/tex/latex/base/article.cls
Document Class: article 2021/10/04 v1.4n Standard LaTeX document class
(/usr/local/texlive/2022/texmf-dist/tex/latex/base/size10.clo
File: size10.clo 2021/10/04 v1.4n Standard LaTeX file (size option)
)
\c@part=\count185
\c@section=\count186
\c@subsection=\count187
\c@subsubsection=\count188
\c@paragraph=\count189
\c@subparagraph=\count190
\c@figure=\count191
\c@table=\count192
\abovecaptionskip=\skip47
\belowcaptionskip=\skip48
\bibindent=\dimen138
)
(/usr/local/texlive/2022/texmf-dist/tex/latex/graphics/graphicx.sty
Package: graphicx 2021/09/16 v1.2d Enhanced LaTeX Graphics (DPC,SPQR)

(/usr/local/texlive/2022/texmf-dist/tex/latex/graphics/keyval.sty
Package: keyval 2014/10/28 v1.15 key=value parser (DPC)
\KV@toks@=\toks16
)
(/usr/local/texlive/2022/texmf-dist/tex/latex/graphics/graphics.sty
Package: graphics 2021/03/04 v1.4d Standard LaTeX Graphics (DPC,SPQR)

(/usr/local/texlive/2022/texmf-dist/tex/latex/graphics/trig.sty
Package: trig 2021/08/11 v1.11 sin cos tan (DPC)
)
(/usr/local/texlive/2022/texmf-dist/tex/latex/graphics-cfg/graphics.cfg
File: graphics.cfg 2016/06/04 v1.11 sample graphics configuration
)
Package graphics Info: Driver file: pdftex.def on input line 107.

(/usr/local/texlive/2022/texmf-dist/tex/latex/graphics-def/pdftex.def
File: pdftex.def 2020/10/05 v1.2a Graphics/color driver for pdftex
))
\Gin@req@height=\dimen139
\Gin@req@width=\dimen140
)
(/usr/local/texlive/2022/texmf-dist/tex/latex/xcolor/xcolor.sty
Package: xcolor 2021/10/31 v2.13 LaTeX color extensions (UK)

(/usr/local/texlive/2022/texmf-dist/tex/latex/graphics-cfg/color.cfg
File: color.cfg 2016/01/02 v1.6 sample color configuration
)
Package xcolor Info: Driver file: pdftex.def on input line 227.
Package xcolor Info: Model `cmy' substituted by `cmy0' on input line 1352.
Package xcolor Info: Model `hsb' substituted by `rgb' on input line 1356.
Package xcolor Info: Model `RGB' extended on input line 1368.
Package xcolor Info: Model `HTML' substituted by `rgb' on input line 1370.
Package xcolor Info: Model `Hsb' substituted by `hsb' on input line 1371.
Package xcolor Info: Model `tHsb' substituted by `hsb' on input line 1372.
Package xcolor Info: Model `HSB' substituted by `hsb' on input line 1373.
Package xcolor Info: Model `Gray' substituted by `gray' on input line 1374.
Package xcolor Info: Model `wave' substituted by `hsb' on input line 1375.
)
(/usr/local/texlive/2022/texmf-dist/tex/latex/framed/framed.sty
Package: framed 2011/10/22 v 0.96: framed or shaded text with page breaks
\OuterFrameSep=\skip49
\fb@frw=\dimen141
\fb@frh=\dimen142
\FrameRule=\dimen143
\FrameSep=\dimen144
)
(/usr/local/texlive/2022/texmf-dist/tex/latex/base/alltt.sty
Package: alltt 2021/01/29 v2.0g defines alltt environment
)
(/usr/local/texlive/2022/texmf-dist/tex/latex/pdfpages/pdfpages.sty
Package: pdfpages 2022/01/29 v0.5u Insert pages of external PDF documents (AM)

(/usr/local/texlive/2022/texmf-dist/tex/latex/base/ifthen.sty
Package: ifthen 2020/11/24 v1.1c Standard LaTeX ifthen package (DPC)
)
(/usr/local/texlive/2022/texmf-dist/tex/latex/tools/calc.sty
Package: calc 2017/05/25 v4.3 Infix arithmetic (KKT,FJ)
\calc@Acount=\count193
\calc@Bcount=\count194
\calc@Adimen=\dimen145
\calc@Bdimen=\dimen146
\calc@Askip=\skip50
\calc@Bskip=\skip51
LaTeX Info: Redefining \setlength on input line 80.
LaTeX Info: Redefining \addtolength on input line 81.
\calc@Ccount=\count195
\calc@Cskip=\skip52
)
(/usr/local/texlive/2022/texmf-dist/tex/latex/eso-pic/eso-pic.sty
Package: eso-pic 2020/10/14 v3.0a eso-pic (RN)
\ESO@tempdima=\dimen147
\ESO@tempdimb=\dimen148
)
\AM@pagewidth=\dimen149
\AM@pageheight=\dimen150
\AM@fboxrule=\dimen151

(/usr/local/texlive/2022/texmf-dist/tex/latex/pdfpages/pppdftex.def
File: pppdftex.def 2022/01/29 v0.5u Pdfpages driver for pdfTeX (AM)
)
\pdfpages@includegraphics@status=\count196
\AM@pagebox=\box50
\AM@global@opts=\toks17
\AM@pagecnt=\count197
\AM@toc@title=\toks18
\c@AM@survey=\count198
\AM@templatesizebox=\box51
)
(/usr/local/texlive/2022/texmf-dist/tex/latex/upquote/upquote.sty
Package: upquote 2012/04/19 v1.3 upright-quote and grave-accent glyphs in verba
tim
)
(/usr/local/texlive/2022/texmf-dist/tex/latex/l3backend/l3backend-pdftex.def
File: l3backend-pdftex.def 2022-02-07 L3 backend support: PDF output (pdfTeX)
\l__color_backend_stack_int=\count199
\l__pdf_internal_box=\box52
)
(/Users/shawnmankad/Library/CloudStorage/Dropbox/Projects/Yelp_LiChen/Code/R_Pa
ckage_CRAN/sts/vignettes/vignette.aux)
\openout1 = `vignette.aux'.

LaTeX Font Info:    Checking defaults for OML/cmm/m/it on input line 58.
LaTeX Font Info:    ... okay on input line 58.
LaTeX Font Info:    Checking defaults for OMS/cmsy/m/n on input line 58.
LaTeX Font Info:    ... okay on input line 58.
LaTeX Font Info:    Checking defaults for OT1/cmr/m/n on input line 58.
LaTeX Font Info:    ... okay on input line 58.
LaTeX Font Info:    Checking defaults for T1/cmr/m/n on input line 58.
LaTeX Font Info:    ... okay on input line 58.
LaTeX Font Info:    Checking defaults for TS1/cmr/m/n on input line 58.
LaTeX Font Info:    ... okay on input line 58.
LaTeX Font Info:    Checking defaults for OMX/cmex/m/n on input line 58.
LaTeX Font Info:    ... okay on input line 58.
LaTeX Font Info:    Checking defaults for U/cmr/m/n on input line 58.
LaTeX Font Info:    ... okay on input line 58.

(/usr/local/texlive/2022/texmf-dist/tex/context/base/mkii/supp-pdf.mkii
[Loading MPS to PDF converter (version 2006.09.02).]
\scratchcounter=\count266
\scratchdimen=\dimen152
\scratchbox=\box53
\nofMPsegments=\count267
\nofMParguments=\count268
\everyMPshowfont=\toks19
\MPscratchCnt=\count269
\MPscratchDim=\dimen153
\MPnumerator=\count270
\makeMPintoPDFobject=\count271
\everyMPtoPDFconversion=\toks20
) (/usr/local/texlive/2022/texmf-dist/tex/latex/epstopdf-pkg/epstopdf-base.sty
Package: epstopdf-base 2020-01-24 v2.11 Base part for package epstopdf
Package epstopdf-base Info: Redefining graphics rule for `.eps' on input line 4
85.

(/usr/local/texlive/2022/texmf-dist/tex/latex/latexconfig/epstopdf-sys.cfg
File: epstopdf-sys.cfg 2010/07/13 v1.3 Configuration of (r)epstopdf for TeX Liv
e
))
(/usr/local/texlive/2022/texmf-dist/tex/latex/pdflscape/pdflscape.sty
Package: pdflscape 2019/12/05 v0.12 Display of landscape pages in PDF (HO)

(/usr/local/texlive/2022/texmf-dist/tex/generic/iftex/iftex.sty
Package: iftex 2022/02/03 v1.0f TeX engine tests
)
(/usr/local/texlive/2022/texmf-dist/tex/latex/graphics/lscape.sty
Package: lscape 2020/05/28 v3.02 Landscape Pages (DPC)
)
Package pdflscape Info: Auto-detected driver: pdftex on input line 81.
)
<usingSTS.pdf, id=1, 597.51233pt x 845.0471pt>
File: usingSTS.pdf Graphic file (type pdf)
<use usingSTS.pdf>
Package pdftex.def Info: usingSTS.pdf  used on input line 59.
(pdftex.def)             Requested size: 597.51086pt x 845.04504pt.
File: usingSTS.pdf Graphic file (type pdf)
<use usingSTS.pdf>
Package pdftex.def Info: usingSTS.pdf  used on input line 59.
(pdftex.def)             Requested size: 597.51086pt x 845.04504pt.
<usingSTS.pdf, id=4, page=1, 597.51233pt x 845.0471pt>
File: usingSTS.pdf Graphic file (type pdf)
<use usingSTS.pdf, page 1>
Package pdftex.def Info: usingSTS.pdf , page1 used on input line 59.
(pdftex.def)             Requested size: 597.51086pt x 845.04504pt.
File: usingSTS.pdf Graphic file (type pdf)
<use usingSTS.pdf, page 1>
Package pdftex.def Info: usingSTS.pdf , page1 used on input line 59.
(pdftex.def)             Requested size: 597.53821pt x 845.08372pt.
File: usingSTS.pdf Graphic file (type pdf)
<use usingSTS.pdf, page 1>
Package pdftex.def Info: usingSTS.pdf , page1 used on input line 59.
(pdftex.def)             Requested size: 597.53821pt x 845.08372pt.
File: usingSTS.pdf Graphic file (type pdf)
<use usingSTS.pdf, page 1>
Package pdftex.def Info: usingSTS.pdf , page1 used on input line 59.
(pdftex.def)             Requested size: 597.53821pt x 845.08372pt.
File: usingSTS.pdf Graphic file (type pdf)
<use usingSTS.pdf, page 1>
Package pdftex.def Info: usingSTS.pdf , page1 used on input line 59.
(pdftex.def)             Requested size: 597.53821pt x 845.08372pt.
 [1

 </Users/shawnmankad/Library/CloudStorage/Dropbox/Projects/Yelp_LiChen/Code/R_P
ackage_CRAN/sts/vignettes/usingSTS.pdf{/usr/local/texlive/2022/texmf-var/fonts/
map/pdftex/updmap/pdftex.map}>]
<usingSTS.pdf, id=56, page=2, 597.51233pt x 845.0471pt>
File: usingSTS.pdf Graphic file (type pdf)
<use usingSTS.pdf, page 2>
Package pdftex.def Info: usingSTS.pdf , page2 used on input line 59.
(pdftex.def)             Requested size: 597.53821pt x 845.08372pt.
File: usingSTS.pdf Graphic file (type pdf)
<use usingSTS.pdf, page 2>
Package pdftex.def Info: usingSTS.pdf , page2 used on input line 59.
(pdftex.def)             Requested size: 597.53821pt x 845.08372pt.
File: usingSTS.pdf Graphic file (type pdf)
<use usingSTS.pdf, page 2>
Package pdftex.def Info: usingSTS.pdf , page2 used on input line 59.
(pdftex.def)             Requested size: 597.53821pt x 845.08372pt.
 [2 </Users/shawnmankad/Library/CloudStorage/Dropbox/Projects/Yelp_LiChen/Code/
R_Package_CRAN/sts/vignettes/usingSTS.pdf>]
<usingSTS.pdf, id=109, page=3, 597.51233pt x 845.0471pt>
File: usingSTS.pdf Graphic file (type pdf)
<use usingSTS.pdf, page 3>
Package pdftex.def Info: usingSTS.pdf , page3 used on input line 59.
(pdftex.def)             Requested size: 597.53821pt x 845.08372pt.
File: usingSTS.pdf Graphic file (type pdf)
<use usingSTS.pdf, page 3>
Package pdftex.def Info: usingSTS.pdf , page3 used on input line 59.
(pdftex.def)             Requested size: 597.53821pt x 845.08372pt.
File: usingSTS.pdf Graphic file (type pdf)
<use usingSTS.pdf, page 3>
Package pdftex.def Info: usingSTS.pdf , page3 used on input line 59.
(pdftex.def)             Requested size: 597.53821pt x 845.08372pt.
 [3 </Users/shawnmankad/Library/CloudStorage/Dropbox/Projects/Yelp_LiChen/Code/
R_Package_CRAN/sts/vignettes/usingSTS.pdf>]
<usingSTS.pdf, id=116, page=4, 597.51233pt x 845.0471pt>
File: usingSTS.pdf Graphic file (type pdf)
<use usingSTS.pdf, page 4>
Package pdftex.def Info: usingSTS.pdf , page4 used on input line 59.
(pdftex.def)             Requested size: 597.53821pt x 845.08372pt.
File: usingSTS.pdf Graphic file (type pdf)
<use usingSTS.pdf, page 4>
Package pdftex.def Info: usingSTS.pdf , page4 used on input line 59.
(pdftex.def)             Requested size: 597.53821pt x 845.08372pt.
File: usingSTS.pdf Graphic file (type pdf)
<use usingSTS.pdf, page 4>
Package pdftex.def Info: usingSTS.pdf , page4 used on input line 59.
(pdftex.def)             Requested size: 597.53821pt x 845.08372pt.
 [4 </Users/shawnmankad/Library/CloudStorage/Dropbox/Projects/Yelp_LiChen/Code/
R_Package_CRAN/sts/vignettes/usingSTS.pdf>]
<usingSTS.pdf, id=125, page=5, 597.51233pt x 845.0471pt>
File: usingSTS.pdf Graphic file (type pdf)
<use usingSTS.pdf, page 5>
Package pdftex.def Info: usingSTS.pdf , page5 used on input line 59.
(pdftex.def)             Requested size: 597.53821pt x 845.08372pt.
File: usingSTS.pdf Graphic file (type pdf)
<use usingSTS.pdf, page 5>
Package pdftex.def Info: usingSTS.pdf , page5 used on input line 59.
(pdftex.def)             Requested size: 597.53821pt x 845.08372pt.
File: usingSTS.pdf Graphic file (type pdf)
<use usingSTS.pdf, page 5>
Package pdftex.def Info: usingSTS.pdf , page5 used on input line 59.
(pdftex.def)             Requested size: 597.53821pt x 845.08372pt.

[5 </Users/shawnmankad/Library/CloudStorage/Dropbox/Projects/Yelp_LiChen/Code/R
_Package_CRAN/sts/vignettes/usingSTS.pdf>]
<usingSTS.pdf, id=143, page=6, 597.51233pt x 845.0471pt>
File: usingSTS.pdf Graphic file (type pdf)
<use usingSTS.pdf, page 6>
Package pdftex.def Info: usingSTS.pdf , page6 used on input line 59.
(pdftex.def)             Requested size: 597.53821pt x 845.08372pt.
File: usingSTS.pdf Graphic file (type pdf)
<use usingSTS.pdf, page 6>
Package pdftex.def Info: usingSTS.pdf , page6 used on input line 59.
(pdftex.def)             Requested size: 597.53821pt x 845.08372pt.
File: usingSTS.pdf Graphic file (type pdf)
<use usingSTS.pdf, page 6>
Package pdftex.def Info: usingSTS.pdf , page6 used on input line 59.
(pdftex.def)             Requested size: 597.53821pt x 845.08372pt.
 [6 </Users/shawnmankad/Library/CloudStorage/Dropbox/Projects/Yelp_LiChen/Code/
R_Package_CRAN/sts/vignettes/usingSTS.pdf>]
<usingSTS.pdf, id=156, page=7, 597.51233pt x 845.0471pt>
File: usingSTS.pdf Graphic file (type pdf)
<use usingSTS.pdf, page 7>
Package pdftex.def Info: usingSTS.pdf , page7 used on input line 59.
(pdftex.def)             Requested size: 597.53821pt x 845.08372pt.
File: usingSTS.pdf Graphic file (type pdf)
<use usingSTS.pdf, page 7>
Package pdftex.def Info: usingSTS.pdf , page7 used on input line 59.
(pdftex.def)             Requested size: 597.53821pt x 845.08372pt.
File: usingSTS.pdf Graphic file (type pdf)
<use usingSTS.pdf, page 7>
Package pdftex.def Info: usingSTS.pdf , page7 used on input line 59.
(pdftex.def)             Requested size: 597.53821pt x 845.08372pt.
 [7 </Users/shawnmankad/Library/CloudStorage/Dropbox/Projects/Yelp_LiChen/Code/
R_Package_CRAN/sts/vignettes/usingSTS.pdf>]
<usingSTS.pdf, id=166, page=8, 597.51233pt x 845.0471pt>
File: usingSTS.pdf Graphic file (type pdf)
<use usingSTS.pdf, page 8>
Package pdftex.def Info: usingSTS.pdf , page8 used on input line 59.
(pdftex.def)             Requested size: 597.53821pt x 845.08372pt.
File: usingSTS.pdf Graphic file (type pdf)
<use usingSTS.pdf, page 8>
Package pdftex.def Info: usingSTS.pdf , page8 used on input line 59.
(pdftex.def)             Requested size: 597.53821pt x 845.08372pt.
File: usingSTS.pdf Graphic file (type pdf)
<use usingSTS.pdf, page 8>
Package pdftex.def Info: usingSTS.pdf , page8 used on input line 59.
(pdftex.def)             Requested size: 597.53821pt x 845.08372pt.
 [8 </Users/shawnmankad/Library/CloudStorage/Dropbox/Projects/Yelp_LiChen/Code/
R_Package_CRAN/sts/vignettes/usingSTS.pdf>]
<usingSTS.pdf, id=170, page=9, 597.51233pt x 845.0471pt>
File: usingSTS.pdf Graphic file (type pdf)
<use usingSTS.pdf, page 9>
Package pdftex.def Info: usingSTS.pdf , page9 used on input line 59.
(pdftex.def)             Requested size: 597.53821pt x 845.08372pt.
File: usingSTS.pdf Graphic file (type pdf)
<use usingSTS.pdf, page 9>
Package pdftex.def Info: usingSTS.pdf , page9 used on input line 59.
(pdftex.def)             Requested size: 597.53821pt x 845.08372pt.
File: usingSTS.pdf Graphic file (type pdf)
<use usingSTS.pdf, page 9>
Package pdftex.def Info: usingSTS.pdf , page9 used on input line 59.
(pdftex.def)             Requested size: 597.53821pt x 845.08372pt.
 [9 </Users/shawnmankad/Library/CloudStorage/Dropbox/Projects/Yelp_LiChen/Code/
R_Package_CRAN/sts/vignettes/usingSTS.pdf>]
<usingSTS.pdf, id=174, page=10, 597.51233pt x 845.0471pt>
File: usingSTS.pdf Graphic file (type pdf)
<use usingSTS.pdf, page 10>
Package pdftex.def Info: usingSTS.pdf , page10 used on input line 59.
(pdftex.def)             Requested size: 597.53821pt x 845.08372pt.
File: usingSTS.pdf Graphic file (type pdf)
<use usingSTS.pdf, page 10>
Package pdftex.def Info: usingSTS.pdf , page10 used on input line 59.
(pdftex.def)             Requested size: 597.53821pt x 845.08372pt.
File: usingSTS.pdf Graphic file (type pdf)
<use usingSTS.pdf, page 10>
Package pdftex.def Info: usingSTS.pdf , page10 used on input line 59.
(pdftex.def)             Requested size: 597.53821pt x 845.08372pt.
 [10 </Users/shawnmankad/Library/CloudStorage/Dropbox/Projects/Yelp_LiChen/Code
/R_Package_CRAN/sts/vignettes/usingSTS.pdf>]
<usingSTS.pdf, id=178, page=11, 597.51233pt x 845.0471pt>
File: usingSTS.pdf Graphic file (type pdf)
<use usingSTS.pdf, page 11>
Package pdftex.def Info: usingSTS.pdf , page11 used on input line 59.
(pdftex.def)             Requested size: 597.53821pt x 845.08372pt.
File: usingSTS.pdf Graphic file (type pdf)
<use usingSTS.pdf, page 11>
Package pdftex.def Info: usingSTS.pdf , page11 used on input line 59.
(pdftex.def)             Requested size: 597.53821pt x 845.08372pt.
File: usingSTS.pdf Graphic file (type pdf)
<use usingSTS.pdf, page 11>
Package pdftex.def Info: usingSTS.pdf , page11 used on input line 59.
(pdftex.def)             Requested size: 597.53821pt x 845.08372pt.
 [11 </Users/shawnmankad/Library/CloudStorage/Dropbox/Projects/Yelp_LiChen/Code
/R_Package_CRAN/sts/vignettes/usingSTS.pdf>]
<usingSTS.pdf, id=182, page=12, 597.51233pt x 845.0471pt>
File: usingSTS.pdf Graphic file (type pdf)
<use usingSTS.pdf, page 12>
Package pdftex.def Info: usingSTS.pdf , page12 used on input line 59.
(pdftex.def)             Requested size: 597.53821pt x 845.08372pt.
File: usingSTS.pdf Graphic file (type pdf)
<use usingSTS.pdf, page 12>
Package pdftex.def Info: usingSTS.pdf , page12 used on input line 59.
(pdftex.def)             Requested size: 597.53821pt x 845.08372pt.
File: usingSTS.pdf Graphic file (type pdf)
<use usingSTS.pdf, page 12>
Package pdftex.def Info: usingSTS.pdf , page12 used on input line 59.
(pdftex.def)             Requested size: 597.53821pt x 845.08372pt.
 [12 </Users/shawnmankad/Library/CloudStorage/Dropbox/Projects/Yelp_LiChen/Code
/R_Package_CRAN/sts/vignettes/usingSTS.pdf>]
<usingSTS.pdf, id=196, page=13, 597.51233pt x 845.0471pt>
File: usingSTS.pdf Graphic file (type pdf)
<use usingSTS.pdf, page 13>
Package pdftex.def Info: usingSTS.pdf , page13 used on input line 59.
(pdftex.def)             Requested size: 597.53821pt x 845.08372pt.
File: usingSTS.pdf Graphic file (type pdf)
<use usingSTS.pdf, page 13>
Package pdftex.def Info: usingSTS.pdf , page13 used on input line 59.
(pdftex.def)             Requested size: 597.53821pt x 845.08372pt.
File: usingSTS.pdf Graphic file (type pdf)
<use usingSTS.pdf, page 13>
Package pdftex.def Info: usingSTS.pdf , page13 used on input line 59.
(pdftex.def)             Requested size: 597.53821pt x 845.08372pt.
 [13 </Users/shawnmankad/Library/CloudStorage/Dropbox/Projects/Yelp_LiChen/Code
/R_Package_CRAN/sts/vignettes/usingSTS.pdf>]
<usingSTS.pdf, id=201, page=14, 597.51233pt x 845.0471pt>
File: usingSTS.pdf Graphic file (type pdf)
<use usingSTS.pdf, page 14>
Package pdftex.def Info: usingSTS.pdf , page14 used on input line 59.
(pdftex.def)             Requested size: 597.53821pt x 845.08372pt.
File: usingSTS.pdf Graphic file (type pdf)
<use usingSTS.pdf, page 14>
Package pdftex.def Info: usingSTS.pdf , page14 used on input line 59.
(pdftex.def)             Requested size: 597.53821pt x 845.08372pt.
File: usingSTS.pdf Graphic file (type pdf)
<use usingSTS.pdf, page 14>
Package pdftex.def Info: usingSTS.pdf , page14 used on input line 59.
(pdftex.def)             Requested size: 597.53821pt x 845.08372pt.

[14 </Users/shawnmankad/Library/CloudStorage/Dropbox/Projects/Yelp_LiChen/Code/
R_Package_CRAN/sts/vignettes/usingSTS.pdf>]
<usingSTS.pdf, id=205, page=15, 597.51233pt x 845.0471pt>
File: usingSTS.pdf Graphic file (type pdf)
<use usingSTS.pdf, page 15>
Package pdftex.def Info: usingSTS.pdf , page15 used on input line 59.
(pdftex.def)             Requested size: 597.53821pt x 845.08372pt.
File: usingSTS.pdf Graphic file (type pdf)
<use usingSTS.pdf, page 15>
Package pdftex.def Info: usingSTS.pdf , page15 used on input line 59.
(pdftex.def)             Requested size: 597.53821pt x 845.08372pt.
File: usingSTS.pdf Graphic file (type pdf)
<use usingSTS.pdf, page 15>
Package pdftex.def Info: usingSTS.pdf , page15 used on input line 59.
(pdftex.def)             Requested size: 597.53821pt x 845.08372pt.
 [15 </Users/shawnmankad/Library/CloudStorage/Dropbox/Projects/Yelp_LiChen/Code
/R_Package_CRAN/sts/vignettes/usingSTS.pdf>]
(/Users/shawnmankad/Library/CloudStorage/Dropbox/Projects/Yelp_LiChen/Code/R_Pa
ckage_CRAN/sts/vignettes/vignette.aux) ) 
Here is how much of TeX's memory you used:
 2870 strings out of 478268
 47443 string characters out of 5846347
 338243 words of memory out of 5000000
 21076 multiletter control sequences out of 15000+600000
 469259 words of font info for 28 fonts, out of 8000000 for 9000
 1141 hyphenation exceptions out of 8191
 55i,17n,67p,261b,436s stack positions out of 10000i,1000n,20000p,200000b,200000s
</usr/local/texlive/2022/texmf-dist/fon
ts/type1/public/lm/lmb10.pfb></usr/local/texlive/2022/texmf-dist/fonts/type1/pu
blic/lm/lmbo10.pfb></usr/local/texlive/2022/texmf-dist/fonts/type1/public/lm/lm
bx10.pfb></usr/local/texlive/2022/texmf-dist/fonts/type1/public/lm/lmbx12.pfb><
/usr/local/texlive/2022/texmf-dist/fonts/type1/public/lm/lmex10.pfb></usr/local
/texlive/2022/texmf-dist/fonts/type1/public/lm/lmmi10.pfb></usr/local/texlive/2
022/texmf-dist/fonts/type1/public/lm/lmmi6.pfb></usr/local/texlive/2022/texmf-d
ist/fonts/type1/public/lm/lmmi8.pfb></usr/local/texlive/2022/texmf-dist/fonts/t
ype1/public/lm/lmmib10.pfb></usr/local/texlive/2022/texmf-dist/fonts/type1/publ
ic/lm/lmr10.pfb></usr/local/texlive/2022/texmf-dist/fonts/type1/public/lm/lmr6.
pfb></usr/local/texlive/2022/texmf-dist/fonts/type1/public/lm/lmr8.pfb></usr/lo
cal/texlive/2022/texmf-dist/fonts/type1/public/lm/lmr9.pfb></usr/local/texlive/
2022/texmf-dist/fonts/type1/public/lm/lmri10.pfb></usr/local/texlive/2022/texmf
-dist/fonts/type1/public/lm/lmri12.pfb></usr/local/texlive/2022/texmf-dist/font
s/type1/public/lm/lmri9.pfb></usr/local/texlive/2022/texmf-dist/fonts/type1/pub
lic/lm/lmro10.pfb></usr/local/texlive/2022/texmf-dist/fonts/type1/public/lm/lms
s10.pfb></usr/local/texlive/2022/texmf-dist/fonts/type1/public/lm/lmssbx10.pfb>
</usr/local/texlive/2022/texmf-dist/fonts/type1/public/lm/lmsy10.pfb></usr/loca
l/texlive/2022/texmf-dist/fonts/type1/public/lm/lmsy6.pfb></usr/local/texlive/2
022/texmf-dist/fonts/type1/public/lm/lmsy8.pfb></usr/local/texlive/2022/texmf-d
ist/fonts/type1/public/lm/lmtt10.pfb></usr/local/texlive/2022/texmf-dist/fonts/
type1/public/lm/lmtto10.pfb>
Output written on vignette.pdf (15 pages, 534908 bytes).
PDF statistics:
 237 PDF objects out of 1000 (max. 8388607)
 151 compressed objects within 2 object streams
 0 named destinations out of 1000 (max. 500000)
 91 words of extra memory for PDF output out of 10000 (max. 10000000)

